<?xml version="1.0" encoding="UTF-8"?>
<testsuites name="Authentification" time="540.614" tests="8" failures="1" errors="0">
   <testsuite name="Authentification" tests="8" failures="1" errors="0" time="540.614" skipped="0" timestamp="17-04-2024T16:40:36" hostname="DELL - DESKTOP-A1R3ASP" id="Test Suites/Authentification">
      <properties>
         <property name="deviceName" value="emulator-5554 (sdk_gphone64_x86_64 - Android 13)"/>
         <property name="devicePlatform" value=""/>
         <property name="logFolder" value="C:\\Users\\DELL\\git\\MobileAutomationProject\\Reports\\20240417_164030\\Authentification\\20240417_164030"/>
         <property name="logFiles" value="C:\\Users\\DELL\\git\\MobileAutomationProject\\Reports\\20240417_164030\\Authentification\\20240417_164030\\appium.log, C:\\Users\\DELL\\git\\MobileAutomationProject\\Reports\\20240417_164030\\Authentification\\20240417_164030\\appium_error.log, C:\\Users\\DELL\\git\\MobileAutomationProject\\Reports\\20240417_164030\\Authentification\\20240417_164030\\execution0.log"/>
         <property name="attachments" value="C:\\Users\\DELL\\git\\MobileAutomationProject\\Reports\\20240417_164030\\Authentification\\20240417_164030\\1713368509579.png, C:\\Users\\DELL\\git\\MobileAutomationProject\\Reports\\20240417_164030\\Authentification\\20240417_164030\\1713368510534.png, C:\\Users\\DELL\\git\\MobileAutomationProject\\Reports\\20240417_164030\\Authentification\\20240417_164030\\1713368571480.png, C:\\Users\\DELL\\git\\MobileAutomationProject\\Reports\\20240417_164030\\Authentification\\20240417_164030\\1713368572297.png, C:\\Users\\DELL\\git\\MobileAutomationProject\\Reports\\20240417_164030\\Authentification\\20240417_164030\\1713368633306.png, C:\\Users\\DELL\\git\\MobileAutomationProject\\Reports\\20240417_164030\\Authentification\\20240417_164030\\1713368634253.png, C:\\Users\\DELL\\git\\MobileAutomationProject\\Reports\\20240417_164030\\Authentification\\20240417_164030\\1713368871834.png, C:\\Users\\DELL\\git\\MobileAutomationProject\\Reports\\20240417_164030\\Authentification\\20240417_164030\\1713368873178.png, C:\\Users\\DELL\\git\\MobileAutomationProject\\Reports\\20240417_164030\\Authentification\\20240417_164030\\1713368904061.png, C:\\Users\\DELL\\git\\MobileAutomationProject\\Reports\\20240417_164030\\Authentification\\20240417_164030\\1713368904811.png, C:\\Users\\DELL\\git\\MobileAutomationProject\\Reports\\20240417_164030\\Authentification\\20240417_164030\\1713368935712.png, C:\\Users\\DELL\\git\\MobileAutomationProject\\Reports\\20240417_164030\\Authentification\\20240417_164030\\1713368936388.png, C:\\Users\\DELL\\git\\MobileAutomationProject\\Reports\\20240417_164030\\Authentification\\20240417_164030\\1713368967343.png, C:\\Users\\DELL\\git\\MobileAutomationProject\\Reports\\20240417_164030\\Authentification\\20240417_164030\\1713368968077.png"/>
         <property name="hostName" value="DELL - DESKTOP-A1R3ASP"/>
         <property name="os" value="Windows 10 64bit"/>
         <property name="appiumServerStatus" value="{&quot;value&quot;:{&quot;ready&quot;:true,&quot;message&quot;:&quot;The server is ready to accept new connections&quot;,&quot;build&quot;:{&quot;version&quot;:&quot;2.5.1&quot;}}}"/>
         <property name="katalonVersion" value="9.3.1.212"/>
         <property name="deviceOS" value="Android"/>
         <property name="appiumVersion" value="2.5.1"/>
         <property name="deviceModel" value="sdk_gphone64_x86_64"/>
         <property name="hostAddress" value="192.168.56.1"/>
         <property name="deviceManufacturer" value="Google"/>
         <property name="deviceId" value="emulator-5554"/>
         <property name="deviceName" value="emulator-5554 (sdk_gphone64_x86_64 - Android 13)"/>
         <property name="deviceOSVersion" value="13"/>
      </properties>
      <testcase name="Test Cases/Authentification/TC00_AuthentificationAvecPwdVide" time="55.532" classname="Test Cases/Authentification/TC00_AuthentificationAvecPwdVide" status="PASSED">
         <system-out><![CDATA[17-04-2024T16:43:54 - [TEST_CASE][PASSED] - Test Cases/Authentification/TC00_AuthentificationAvecPwdVide: Test Cases/Authentification/TC00_AuthentificationAvecPwdVide

17-04-2024T16:43:55 - [TEST_STEP][PASSED] - apkkeyword = new com.communKeywords.apkKeywords(): null

17-04-2024T16:43:55 - [TEST_STEP][PASSED] - authkeyword = new com.communKeywords.authentificationKeywords(): null

17-04-2024T16:43:55 - [TEST_STEP][PASSED] - apkkeyword.startApplication(): Started app at: 'C:\Users\DELL\Downloads\app-release_last.apk'

17-04-2024T16:44:17 - [MESSAGE][PASSED] - Started app at: 'C:\Users\DELL\Downloads\app-release_last.apk'

17-04-2024T16:44:17 - [TEST_STEP][PASSED] - apkkeyword.setLanguage(): Tapped on element 'Object Repository/Authentification/android.widget.Button-cest compris'

17-04-2024T16:44:17 - [MESSAGE][WARNING] - Timeout '0' is invalid. Using default page load timeout: '30'

17-04-2024T16:44:22 - [MESSAGE][PASSED] - Tapped on element 'Object Repository/Authentification/android.view.ViewGroup'

17-04-2024T16:44:22 - [MESSAGE][WARNING] - Timeout '0' is invalid. Using default page load timeout: '30'

17-04-2024T16:44:23 - [MESSAGE][PASSED] - Tapped on element 'Object Repository/Authentification/language/android.widget.Button -Confirm language'

17-04-2024T16:44:26 - [MESSAGE][PASSED] - Delayed 3 second(s)

17-04-2024T16:44:26 - [MESSAGE][WARNING] - Timeout '0' is invalid. Using default page load timeout: '30'

17-04-2024T16:44:27 - [MESSAGE][PASSED] - Tapped on element 'Object Repository/Authentification/android.view.View-Ressayer'

17-04-2024T16:44:27 - [MESSAGE][WARNING] - Timeout '0' is invalid. Using default page load timeout: '30'

17-04-2024T16:44:30 - [MESSAGE][PASSED] - Tapped on element 'Object Repository/Authentification/android.widget.CheckBox (1)'

17-04-2024T16:44:30 - [MESSAGE][WARNING] - Timeout '0' is invalid. Using default page load timeout: '30'

17-04-2024T16:44:31 - [MESSAGE][PASSED] - Tapped on element 'Object Repository/Authentification/android.widget.Button-cest compris'

17-04-2024T16:44:31 - [TEST_STEP][PASSED] - delay(5): Delayed 5 second(s)

17-04-2024T16:44:36 - [MESSAGE][PASSED] - Delayed 5 second(s)

17-04-2024T16:44:36 - [TEST_STEP][PASSED] - authkeyword.setAuthData(immatriculation, Mdp): Delayed 1 second(s)

17-04-2024T16:44:36 - [MESSAGE][WARNING] - Timeout '0' is invalid. Using default page load timeout: '30'

17-04-2024T16:44:36 - [MESSAGE][PASSED] - Tapped on element 'Object Repository/Authentification/android.widget.EditText - N Immatriculation'

17-04-2024T16:44:38 - [MESSAGE][PASSED] - Send keys '121571775' on test object 'Object Repository/Authentification/android.widget.EditText - N Immatriculation' successfully.

17-04-2024T16:44:38 - [MESSAGE][WARNING] - Timeout '0' is invalid. Using default page load timeout: '30'

17-04-2024T16:44:39 - [MESSAGE][PASSED] - Tapped on element 'Object Repository/Authentification/android.widget.EditText - Mot de passe'

17-04-2024T16:44:40 - [MESSAGE][PASSED] - Send keys '' on test object 'Object Repository/Authentification/android.widget.EditText - Mot de passe' successfully.

17-04-2024T16:44:43 - [MESSAGE][PASSED] - Keyboard is hidden

17-04-2024T16:44:44 - [MESSAGE][PASSED] - Delayed 1 second(s)

17-04-2024T16:44:44 - [TEST_STEP][PASSED] - authkeyword.Login(): Tapped on element 'Object Repository/Authentification/android.view.View-Me connecte'

17-04-2024T16:44:44 - [MESSAGE][WARNING] - Timeout '0' is invalid. Using default page load timeout: '30'

17-04-2024T16:44:44 - [MESSAGE][PASSED] - Tapped on element 'Object Repository/Authentification/android.view.View-Me connecte'

17-04-2024T16:44:44 - [TEST_STEP][PASSED] - alertPath = authPage: null

17-04-2024T16:44:44 - [TEST_STEP][PASSED] - authkeyword.verifyalertPresent(alertPath, "Me connecter"): Actual text and expected text of test object 'Object Repository/Authentification/android.widget.TextView - Me connecter' are matched.

17-04-2024T16:44:45 - [MESSAGE][PASSED] - Actual text and expected text of test object 'Object Repository/Authentification/android.widget.TextView - Me connecter' are matched.

17-04-2024T16:44:45 - [TEST_STEP][PASSED] - delay(5): Delayed 5 second(s)

17-04-2024T16:44:50 - [MESSAGE][PASSED] - Delayed 5 second(s)]]></system-out>
         <system-err><![CDATA[]]></system-err>
      </testcase>
      <testcase name="Test Cases/Authentification/TC01_AuthentificationAvecPwdInvalide" time="25.304" classname="Test Cases/Authentification/TC01_AuthentificationAvecPwdInvalide" status="PASSED">
         <system-out><![CDATA[17-04-2024T16:44:50 - [TEST_CASE][PASSED] - Test Cases/Authentification/TC01_AuthentificationAvecPwdInvalide: Test Cases/Authentification/TC01_AuthentificationAvecPwdInvalide

17-04-2024T16:44:50 - [TEST_STEP][PASSED] - apkkeyword = new com.communKeywords.apkKeywords(): null

17-04-2024T16:44:50 - [TEST_STEP][PASSED] - authkeyword = new com.communKeywords.authentificationKeywords(): null

17-04-2024T16:44:50 - [TEST_STEP][PASSED] - authkeyword.resetLoginPage(): Delayed 3 second(s)

17-04-2024T16:44:50 - [MESSAGE][WARNING] - Timeout '0' is invalid. Using default page load timeout: '30'

17-04-2024T16:44:52 - [MESSAGE][PASSED] - Tapped on element 'Object Repository/Authentification/android.widget.EditText - N Immatriculation'

17-04-2024T16:44:52 - [MESSAGE][PASSED] - Element 'Object Repository/Authentification/android.widget.EditText - N Immatriculation' text is cleared

17-04-2024T16:44:52 - [MESSAGE][WARNING] - Timeout '0' is invalid. Using default page load timeout: '30'

17-04-2024T16:44:54 - [MESSAGE][PASSED] - Tapped on element 'Object Repository/Authentification/android.widget.EditText - Mot de passe'

17-04-2024T16:44:54 - [MESSAGE][PASSED] - Element 'Object Repository/Authentification/android.widget.EditText - Mot de passe' text is cleared

17-04-2024T16:44:56 - [MESSAGE][PASSED] - Keyboard is hidden

17-04-2024T16:44:59 - [MESSAGE][PASSED] - Delayed 3 second(s)

17-04-2024T16:44:59 - [TEST_STEP][PASSED] - authkeyword.setAuthData(immatriculation, Mdp): Delayed 1 second(s)

17-04-2024T16:44:59 - [MESSAGE][WARNING] - Timeout '0' is invalid. Using default page load timeout: '30'

17-04-2024T16:45:01 - [MESSAGE][PASSED] - Tapped on element 'Object Repository/Authentification/android.widget.EditText - N Immatriculation'

17-04-2024T16:45:02 - [MESSAGE][PASSED] - Send keys '121571775' on test object 'Object Repository/Authentification/android.widget.EditText - N Immatriculation' successfully.

17-04-2024T16:45:02 - [MESSAGE][WARNING] - Timeout '0' is invalid. Using default page load timeout: '30'

17-04-2024T16:45:04 - [MESSAGE][PASSED] - Tapped on element 'Object Repository/Authentification/android.widget.EditText - Mot de passe'

17-04-2024T16:45:04 - [MESSAGE][PASSED] - Send keys 'pca@2023' on test object 'Object Repository/Authentification/android.widget.EditText - Mot de passe' successfully.

17-04-2024T16:45:07 - [MESSAGE][PASSED] - Keyboard is hidden

17-04-2024T16:45:08 - [MESSAGE][PASSED] - Delayed 1 second(s)

17-04-2024T16:45:08 - [TEST_STEP][PASSED] - authkeyword.Login(): Tapped on element 'Object Repository/Authentification/android.view.View-Me connecte'

17-04-2024T16:45:08 - [MESSAGE][WARNING] - Timeout '0' is invalid. Using default page load timeout: '30'

17-04-2024T16:45:08 - [MESSAGE][PASSED] - Tapped on element 'Object Repository/Authentification/android.view.View-Me connecte'

17-04-2024T16:45:08 - [TEST_STEP][PASSED] - alertPath = identifiantMdpInvalid: null

17-04-2024T16:45:08 - [TEST_STEP][PASSED] - authkeyword.verifyalertPresent(alertPath, "Identifiant ou mot de passe invalide"): Actual text and expected text of test object 'Object Repository/Authentification/android.widget.TextView - Identifiant ou mot de passe invalide' are matched.

17-04-2024T16:45:10 - [MESSAGE][PASSED] - Actual text and expected text of test object 'Object Repository/Authentification/android.widget.TextView - Identifiant ou mot de passe invalide' are matched.

17-04-2024T16:45:10 - [TEST_STEP][PASSED] - delay(5): Delayed 5 second(s)

17-04-2024T16:45:15 - [MESSAGE][PASSED] - Delayed 5 second(s)

17-04-2024T16:45:15 - [TEST_STEP][PASSED] - authkeyword.ReturnToAuthPage(): Tapped on element 'Object Repository/Authentification/android.view.View-ok'

17-04-2024T16:45:15 - [MESSAGE][WARNING] - Timeout '0' is invalid. Using default page load timeout: '30'

17-04-2024T16:45:15 - [MESSAGE][PASSED] - Tapped on element 'Object Repository/Authentification/android.view.View-ok']]></system-out>
         <system-err><![CDATA[]]></system-err>
      </testcase>
      <testcase name="Test Cases/Authentification/TC02_AuthentificationAvecIdentifiantVide" time="23.567" classname="Test Cases/Authentification/TC02_AuthentificationAvecIdentifiantVide" status="PASSED">
         <system-out><![CDATA[17-04-2024T16:45:15 - [TEST_CASE][PASSED] - Test Cases/Authentification/TC02_AuthentificationAvecIdentifiantVide: Test Cases/Authentification/TC02_AuthentificationAvecIdentifiantVide

17-04-2024T16:45:16 - [TEST_STEP][PASSED] - apkkeyword = new com.communKeywords.apkKeywords(): null

17-04-2024T16:45:16 - [TEST_STEP][PASSED] - authkeyword = new com.communKeywords.authentificationKeywords(): null

17-04-2024T16:45:16 - [TEST_STEP][PASSED] - authkeyword.resetLoginPage(): Delayed 3 second(s)

17-04-2024T16:45:16 - [MESSAGE][WARNING] - Timeout '0' is invalid. Using default page load timeout: '30'

17-04-2024T16:45:17 - [MESSAGE][PASSED] - Tapped on element 'Object Repository/Authentification/android.widget.EditText - N Immatriculation'

17-04-2024T16:45:17 - [MESSAGE][PASSED] - Element 'Object Repository/Authentification/android.widget.EditText - N Immatriculation' text is cleared

17-04-2024T16:45:17 - [MESSAGE][WARNING] - Timeout '0' is invalid. Using default page load timeout: '30'

17-04-2024T16:45:19 - [MESSAGE][PASSED] - Tapped on element 'Object Repository/Authentification/android.widget.EditText - Mot de passe'

17-04-2024T16:45:19 - [MESSAGE][PASSED] - Element 'Object Repository/Authentification/android.widget.EditText - Mot de passe' text is cleared

17-04-2024T16:45:22 - [MESSAGE][PASSED] - Keyboard is hidden

17-04-2024T16:45:25 - [MESSAGE][PASSED] - Delayed 3 second(s)

17-04-2024T16:45:25 - [TEST_STEP][PASSED] - authkeyword.setAuthData(immatriculation, Mdp): Delayed 1 second(s)

17-04-2024T16:45:25 - [MESSAGE][WARNING] - Timeout '0' is invalid. Using default page load timeout: '30'

17-04-2024T16:45:26 - [MESSAGE][PASSED] - Tapped on element 'Object Repository/Authentification/android.widget.EditText - N Immatriculation'

17-04-2024T16:45:27 - [MESSAGE][PASSED] - Send keys '' on test object 'Object Repository/Authentification/android.widget.EditText - N Immatriculation' successfully.

17-04-2024T16:45:27 - [MESSAGE][WARNING] - Timeout '0' is invalid. Using default page load timeout: '30'

17-04-2024T16:45:29 - [MESSAGE][PASSED] - Tapped on element 'Object Repository/Authentification/android.widget.EditText - Mot de passe'

17-04-2024T16:45:30 - [MESSAGE][PASSED] - Send keys 'Pca@2023' on test object 'Object Repository/Authentification/android.widget.EditText - Mot de passe' successfully.

17-04-2024T16:45:32 - [MESSAGE][PASSED] - Keyboard is hidden

17-04-2024T16:45:33 - [MESSAGE][PASSED] - Delayed 1 second(s)

17-04-2024T16:45:33 - [TEST_STEP][PASSED] - authkeyword.Login(): Tapped on element 'Object Repository/Authentification/android.view.View-Me connecte'

17-04-2024T16:45:33 - [MESSAGE][WARNING] - Timeout '0' is invalid. Using default page load timeout: '30'

17-04-2024T16:45:33 - [MESSAGE][PASSED] - Tapped on element 'Object Repository/Authentification/android.view.View-Me connecte'

17-04-2024T16:45:33 - [TEST_STEP][PASSED] - alertPath = authPage: null

17-04-2024T16:45:33 - [TEST_STEP][PASSED] - authkeyword.verifyalertPresent(alertPath, "Me connecter"): Actual text and expected text of test object 'Object Repository/Authentification/android.widget.TextView - Me connecter' are matched.

17-04-2024T16:45:34 - [MESSAGE][PASSED] - Actual text and expected text of test object 'Object Repository/Authentification/android.widget.TextView - Me connecter' are matched.

17-04-2024T16:45:34 - [TEST_STEP][PASSED] - delay(5): Delayed 5 second(s)

17-04-2024T16:45:39 - [MESSAGE][PASSED] - Delayed 5 second(s)]]></system-out>
         <system-err><![CDATA[]]></system-err>
      </testcase>
      <testcase name="Test Cases/Authentification/TC03_AuthentificationAvecIdentifiantInvalide" time="34.52" classname="Test Cases/Authentification/TC03_AuthentificationAvecIdentifiantInvalide" status="PASSED">
         <system-out><![CDATA[17-04-2024T16:45:39 - [TEST_CASE][PASSED] - Test Cases/Authentification/TC03_AuthentificationAvecIdentifiantInvalide: Test Cases/Authentification/TC03_AuthentificationAvecIdentifiantInvalide

17-04-2024T16:45:39 - [TEST_STEP][PASSED] - apkkeyword = new com.communKeywords.apkKeywords(): null

17-04-2024T16:45:39 - [TEST_STEP][PASSED] - authkeyword = new com.communKeywords.authentificationKeywords(): null

17-04-2024T16:45:39 - [TEST_STEP][PASSED] - authkeyword.resetLoginPage(): Delayed 3 second(s)

17-04-2024T16:45:39 - [MESSAGE][WARNING] - Timeout '0' is invalid. Using default page load timeout: '30'

17-04-2024T16:45:40 - [MESSAGE][PASSED] - Tapped on element 'Object Repository/Authentification/android.widget.EditText - N Immatriculation'

17-04-2024T16:45:41 - [MESSAGE][PASSED] - Element 'Object Repository/Authentification/android.widget.EditText - N Immatriculation' text is cleared

17-04-2024T16:45:41 - [MESSAGE][WARNING] - Timeout '0' is invalid. Using default page load timeout: '30'

17-04-2024T16:45:42 - [MESSAGE][PASSED] - Tapped on element 'Object Repository/Authentification/android.widget.EditText - Mot de passe'

17-04-2024T16:45:43 - [MESSAGE][PASSED] - Element 'Object Repository/Authentification/android.widget.EditText - Mot de passe' text is cleared

17-04-2024T16:45:45 - [MESSAGE][PASSED] - Keyboard is hidden

17-04-2024T16:45:48 - [MESSAGE][PASSED] - Delayed 3 second(s)

17-04-2024T16:45:48 - [TEST_STEP][PASSED] - authkeyword.setAuthData(immatriculation, Mdp): Delayed 1 second(s)

17-04-2024T16:45:48 - [MESSAGE][WARNING] - Timeout '0' is invalid. Using default page load timeout: '30'

17-04-2024T16:45:49 - [MESSAGE][PASSED] - Tapped on element 'Object Repository/Authentification/android.widget.EditText - N Immatriculation'

17-04-2024T16:45:50 - [MESSAGE][PASSED] - Send keys '12157177' on test object 'Object Repository/Authentification/android.widget.EditText - N Immatriculation' successfully.

17-04-2024T16:45:50 - [MESSAGE][WARNING] - Timeout '0' is invalid. Using default page load timeout: '30'

17-04-2024T16:45:52 - [MESSAGE][PASSED] - Tapped on element 'Object Repository/Authentification/android.widget.EditText - Mot de passe'

17-04-2024T16:45:53 - [MESSAGE][PASSED] - Send keys 'Pca@2023' on test object 'Object Repository/Authentification/android.widget.EditText - Mot de passe' successfully.

17-04-2024T16:45:55 - [MESSAGE][PASSED] - Keyboard is hidden

17-04-2024T16:45:56 - [MESSAGE][PASSED] - Delayed 1 second(s)

17-04-2024T16:45:56 - [TEST_STEP][PASSED] - authkeyword.Login(): Tapped on element 'Object Repository/Authentification/android.view.View-Me connecte'

17-04-2024T16:45:56 - [MESSAGE][WARNING] - Timeout '0' is invalid. Using default page load timeout: '30'

17-04-2024T16:45:57 - [MESSAGE][PASSED] - Tapped on element 'Object Repository/Authentification/android.view.View-Me connecte'

17-04-2024T16:45:57 - [TEST_STEP][PASSED] - alertPath = identifiantMdpInvalid: null

17-04-2024T16:45:57 - [TEST_STEP][PASSED] - authkeyword.verifyalertPresent(alertPath, "Identifiant ou mot de passe invalide"): Actual text and expected text of test object 'Object Repository/Authentification/android.widget.TextView - Identifiant ou mot de passe invalide' are matched.

17-04-2024T16:45:59 - [MESSAGE][PASSED] - Actual text and expected text of test object 'Object Repository/Authentification/android.widget.TextView - Identifiant ou mot de passe invalide' are matched.

17-04-2024T16:45:59 - [TEST_STEP][PASSED] - delay(5): Delayed 5 second(s)

17-04-2024T16:46:04 - [MESSAGE][PASSED] - Delayed 5 second(s)

17-04-2024T16:46:04 - [TEST_STEP][PASSED] - authkeyword.ReturnToAuthPage(): Tapped on element 'Object Repository/Authentification/android.view.View-ok'

17-04-2024T16:46:04 - [MESSAGE][WARNING] - Timeout '0' is invalid. Using default page load timeout: '30'

17-04-2024T16:46:04 - [MESSAGE][PASSED] - Tapped on element 'Object Repository/Authentification/android.view.View-ok'

17-04-2024T16:46:04 - [TEST_STEP][PASSED] - authkeyword.resetLoginPage(): Delayed 3 second(s)

17-04-2024T16:46:04 - [MESSAGE][WARNING] - Timeout '0' is invalid. Using default page load timeout: '30'

17-04-2024T16:46:06 - [MESSAGE][PASSED] - Tapped on element 'Object Repository/Authentification/android.widget.EditText - N Immatriculation'

17-04-2024T16:46:06 - [MESSAGE][PASSED] - Element 'Object Repository/Authentification/android.widget.EditText - N Immatriculation' text is cleared

17-04-2024T16:46:06 - [MESSAGE][WARNING] - Timeout '0' is invalid. Using default page load timeout: '30'

17-04-2024T16:46:08 - [MESSAGE][PASSED] - Tapped on element 'Object Repository/Authentification/android.widget.EditText - Mot de passe'

17-04-2024T16:46:08 - [MESSAGE][PASSED] - Element 'Object Repository/Authentification/android.widget.EditText - Mot de passe' text is cleared

17-04-2024T16:46:10 - [MESSAGE][PASSED] - Keyboard is hidden

17-04-2024T16:46:13 - [MESSAGE][PASSED] - Delayed 3 second(s)]]></system-out>
         <system-err><![CDATA[]]></system-err>
      </testcase>
      <testcase name="Test Cases/Authentification/TC04_AuthentificationAvecIdentifiantPwdInvalide" time="24.078" classname="Test Cases/Authentification/TC04_AuthentificationAvecIdentifiantPwdInvalide" status="PASSED">
         <system-out><![CDATA[17-04-2024T16:46:13 - [TEST_CASE][PASSED] - Test Cases/Authentification/TC04_AuthentificationAvecIdentifiantPwdInvalide: Test Cases/Authentification/TC04_AuthentificationAvecIdentifiantPwdInvalide

17-04-2024T16:46:14 - [TEST_STEP][PASSED] - apkkeyword = new com.communKeywords.apkKeywords(): null

17-04-2024T16:46:14 - [TEST_STEP][PASSED] - authkeyword = new com.communKeywords.authentificationKeywords(): null

17-04-2024T16:46:14 - [TEST_STEP][PASSED] - authkeyword.resetLoginPage(): Delayed 3 second(s)

17-04-2024T16:46:14 - [MESSAGE][WARNING] - Timeout '0' is invalid. Using default page load timeout: '30'

17-04-2024T16:46:15 - [MESSAGE][PASSED] - Tapped on element 'Object Repository/Authentification/android.widget.EditText - N Immatriculation'

17-04-2024T16:46:15 - [MESSAGE][PASSED] - Element 'Object Repository/Authentification/android.widget.EditText - N Immatriculation' text is cleared

17-04-2024T16:46:15 - [MESSAGE][WARNING] - Timeout '0' is invalid. Using default page load timeout: '30'

17-04-2024T16:46:17 - [MESSAGE][PASSED] - Tapped on element 'Object Repository/Authentification/android.widget.EditText - Mot de passe'

17-04-2024T16:46:17 - [MESSAGE][PASSED] - Element 'Object Repository/Authentification/android.widget.EditText - Mot de passe' text is cleared

17-04-2024T16:46:19 - [MESSAGE][PASSED] - Keyboard is hidden

17-04-2024T16:46:22 - [MESSAGE][PASSED] - Delayed 3 second(s)

17-04-2024T16:46:22 - [TEST_STEP][PASSED] - authkeyword.setAuthData(immatriculation, Mdp): Delayed 1 second(s)

17-04-2024T16:46:23 - [MESSAGE][WARNING] - Timeout '0' is invalid. Using default page load timeout: '30'

17-04-2024T16:46:24 - [MESSAGE][PASSED] - Tapped on element 'Object Repository/Authentification/android.widget.EditText - N Immatriculation'

17-04-2024T16:46:24 - [MESSAGE][PASSED] - Send keys '12157177' on test object 'Object Repository/Authentification/android.widget.EditText - N Immatriculation' successfully.

17-04-2024T16:46:24 - [MESSAGE][WARNING] - Timeout '0' is invalid. Using default page load timeout: '30'

17-04-2024T16:46:26 - [MESSAGE][PASSED] - Tapped on element 'Object Repository/Authentification/android.widget.EditText - Mot de passe'

17-04-2024T16:46:27 - [MESSAGE][PASSED] - Send keys 'pca@2023' on test object 'Object Repository/Authentification/android.widget.EditText - Mot de passe' successfully.

17-04-2024T16:46:29 - [MESSAGE][PASSED] - Keyboard is hidden

17-04-2024T16:46:30 - [MESSAGE][PASSED] - Delayed 1 second(s)

17-04-2024T16:46:30 - [TEST_STEP][PASSED] - authkeyword.Login(): Tapped on element 'Object Repository/Authentification/android.view.View-Me connecte'

17-04-2024T16:46:30 - [MESSAGE][WARNING] - Timeout '0' is invalid. Using default page load timeout: '30'

17-04-2024T16:46:30 - [MESSAGE][PASSED] - Tapped on element 'Object Repository/Authentification/android.view.View-Me connecte'

17-04-2024T16:46:30 - [TEST_STEP][PASSED] - alertPath = identifiantMdpInvalid: null

17-04-2024T16:46:30 - [TEST_STEP][PASSED] - authkeyword.verifyalertPresent(alertPath, "Identifiant ou mot de passe invalide"): Actual text and expected text of test object 'Object Repository/Authentification/android.widget.TextView - Identifiant ou mot de passe invalide' are matched.

17-04-2024T16:46:32 - [MESSAGE][PASSED] - Actual text and expected text of test object 'Object Repository/Authentification/android.widget.TextView - Identifiant ou mot de passe invalide' are matched.

17-04-2024T16:46:32 - [TEST_STEP][PASSED] - delay(5): Delayed 5 second(s)

17-04-2024T16:46:37 - [MESSAGE][PASSED] - Delayed 5 second(s)

17-04-2024T16:46:37 - [TEST_STEP][PASSED] - authkeyword.ReturnToAuthPage(): Tapped on element 'Object Repository/Authentification/android.view.View-ok'

17-04-2024T16:46:37 - [MESSAGE][WARNING] - Timeout '0' is invalid. Using default page load timeout: '30'

17-04-2024T16:46:37 - [MESSAGE][PASSED] - Tapped on element 'Object Repository/Authentification/android.view.View-ok']]></system-out>
         <system-err><![CDATA[]]></system-err>
      </testcase>
      <testcase name="Test Cases/Authentification/TC05_AuthentificationAvecIdentifiantPwdVide" time="23.496" classname="Test Cases/Authentification/TC05_AuthentificationAvecIdentifiantPwdVide" status="PASSED">
         <system-out><![CDATA[17-04-2024T16:46:37 - [TEST_CASE][PASSED] - Test Cases/Authentification/TC05_AuthentificationAvecIdentifiantPwdVide: Test Cases/Authentification/TC05_AuthentificationAvecIdentifiantPwdVide

17-04-2024T16:46:38 - [TEST_STEP][PASSED] - apkkeyword = new com.communKeywords.apkKeywords(): null

17-04-2024T16:46:38 - [TEST_STEP][PASSED] - authkeyword = new com.communKeywords.authentificationKeywords(): null

17-04-2024T16:46:38 - [TEST_STEP][PASSED] - authkeyword.resetLoginPage(): Delayed 3 second(s)

17-04-2024T16:46:38 - [MESSAGE][WARNING] - Timeout '0' is invalid. Using default page load timeout: '30'

17-04-2024T16:46:39 - [MESSAGE][PASSED] - Tapped on element 'Object Repository/Authentification/android.widget.EditText - N Immatriculation'

17-04-2024T16:46:40 - [MESSAGE][PASSED] - Element 'Object Repository/Authentification/android.widget.EditText - N Immatriculation' text is cleared

17-04-2024T16:46:40 - [MESSAGE][WARNING] - Timeout '0' is invalid. Using default page load timeout: '30'

17-04-2024T16:46:42 - [MESSAGE][PASSED] - Tapped on element 'Object Repository/Authentification/android.widget.EditText - Mot de passe'

17-04-2024T16:46:42 - [MESSAGE][PASSED] - Element 'Object Repository/Authentification/android.widget.EditText - Mot de passe' text is cleared

17-04-2024T16:46:44 - [MESSAGE][PASSED] - Keyboard is hidden

17-04-2024T16:46:47 - [MESSAGE][PASSED] - Delayed 3 second(s)

17-04-2024T16:46:47 - [TEST_STEP][PASSED] - authkeyword.setAuthData(immatriculation, Mdp): Delayed 1 second(s)

17-04-2024T16:46:47 - [MESSAGE][WARNING] - Timeout '0' is invalid. Using default page load timeout: '30'

17-04-2024T16:46:48 - [MESSAGE][PASSED] - Tapped on element 'Object Repository/Authentification/android.widget.EditText - N Immatriculation'

17-04-2024T16:46:49 - [MESSAGE][PASSED] - Send keys '' on test object 'Object Repository/Authentification/android.widget.EditText - N Immatriculation' successfully.

17-04-2024T16:46:49 - [MESSAGE][WARNING] - Timeout '0' is invalid. Using default page load timeout: '30'

17-04-2024T16:46:51 - [MESSAGE][PASSED] - Tapped on element 'Object Repository/Authentification/android.widget.EditText - Mot de passe'

17-04-2024T16:46:52 - [MESSAGE][PASSED] - Send keys '' on test object 'Object Repository/Authentification/android.widget.EditText - Mot de passe' successfully.

17-04-2024T16:46:54 - [MESSAGE][PASSED] - Keyboard is hidden

17-04-2024T16:46:55 - [MESSAGE][PASSED] - Delayed 1 second(s)

17-04-2024T16:46:55 - [TEST_STEP][PASSED] - authkeyword.Login(): Tapped on element 'Object Repository/Authentification/android.view.View-Me connecte'

17-04-2024T16:46:55 - [MESSAGE][WARNING] - Timeout '0' is invalid. Using default page load timeout: '30'

17-04-2024T16:46:56 - [MESSAGE][PASSED] - Tapped on element 'Object Repository/Authentification/android.view.View-Me connecte'

17-04-2024T16:46:56 - [TEST_STEP][PASSED] - alertPath = authPage: null

17-04-2024T16:46:56 - [TEST_STEP][PASSED] - authkeyword.verifyalertPresent(alertPath, "Me connecter"): Actual text and expected text of test object 'Object Repository/Authentification/android.widget.TextView - Me connecter' are matched.

17-04-2024T16:46:56 - [MESSAGE][PASSED] - Actual text and expected text of test object 'Object Repository/Authentification/android.widget.TextView - Me connecter' are matched.

17-04-2024T16:46:56 - [TEST_STEP][PASSED] - delay(5): Delayed 5 second(s)

17-04-2024T16:47:01 - [MESSAGE][PASSED] - Delayed 5 second(s)]]></system-out>
         <system-err><![CDATA[]]></system-err>
      </testcase>
      <testcase name="Test Cases/Authentification/TC06_AuthentificationValide" time="31.642" classname="Test Cases/Authentification/TC06_AuthentificationValide" status="FAILED">
         <failure type="FAILED" message="Test Cases/Authentification/TC06_AuthentificationValide FAILED.&#xa;Reason:&#xa;com.kms.katalon.core.exception.StepFailedException: Failed to tap on element 'Object Repository/Authentification/android.widget.EditText - N Immatriculation'&#xa;	at com.kms.katalon.core.mobile.keyword.internal.MobileKeywordMain.stepFailed(MobileKeywordMain.groovy:38)&#xa;	at com.kms.katalon.core.mobile.keyword.internal.MobileKeywordMain.runKeyword(MobileKeywordMain.groovy:21)&#xa;	at com.kms.katalon.core.mobile.keyword.builtin.TapKeyword.tap(TapKeyword.groovy:51)&#xa;	at com.kms.katalon.core.mobile.keyword.builtin.TapKeyword.execute(TapKeyword.groovy:35)&#xa;	at com.kms.katalon.core.keyword.internal.KeywordExecutor.executeKeywordForPlatform(KeywordExecutor.groovy:74)&#xa;	at com.kms.katalon.core.mobile.keyword.MobileBuiltInKeywords.tap(MobileBuiltInKeywords.groovy:1490)&#xa;	at com.communKeywords.authentificationKeywords.resetLoginPage(authentificationKeywords.groovy:50)&#xa;	at TC06_AuthentificationValide.run(TC06_AuthentificationValide:26)&#xa;	at com.kms.katalon.core.main.ScriptEngine.run(ScriptEngine.java:194)&#xa;	at com.kms.katalon.core.main.ScriptEngine.runScriptAsRawText(ScriptEngine.java:119)&#xa;	at com.kms.katalon.core.main.TestCaseExecutor.runScript(TestCaseExecutor.java:448)&#xa;	at com.kms.katalon.core.main.TestCaseExecutor.doExecute(TestCaseExecutor.java:439)&#xa;	at com.kms.katalon.core.main.TestCaseExecutor.processExecutionPhase(TestCaseExecutor.java:418)&#xa;	at com.kms.katalon.core.main.TestCaseExecutor.accessMainPhase(TestCaseExecutor.java:410)&#xa;	at com.kms.katalon.core.main.TestCaseExecutor.execute(TestCaseExecutor.java:285)&#xa;	at com.kms.katalon.core.main.TestCaseExecutor.execute(TestCaseExecutor.java:369)&#xa;	at com.kms.katalon.core.main.TestCaseExecutor.execute(TestCaseExecutor.java:369)&#xa;	at com.kms.katalon.core.main.TestCaseExecutor.execute(TestCaseExecutor.java:369)&#xa;	at com.kms.katalon.core.common.CommonExecutor.accessTestCaseMainPhase(CommonExecutor.java:65)&#xa;	at com.kms.katalon.core.main.TestSuiteExecutor.accessTestSuiteMainPhase(TestSuiteExecutor.java:148)&#xa;	at com.kms.katalon.core.main.TestSuiteExecutor.execute(TestSuiteExecutor.java:106)&#xa;	at com.kms.katalon.core.main.TestCaseMain.startTestSuite(TestCaseMain.java:180)&#xa;	at TempTestSuite1713368430219.run(TempTestSuite1713368430219.groovy:35)&#xa;	at java.base/jdk.internal.reflect.NativeMethodAccessorImpl.invoke0(Native Method)&#xa;	at java.base/jdk.internal.reflect.NativeMethodAccessorImpl.invoke(NativeMethodAccessorImpl.java:77)&#xa;	at java.base/jdk.internal.reflect.DelegatingMethodAccessorImpl.invoke(DelegatingMethodAccessorImpl.java:43)&#xa;Caused by: com.kms.katalon.core.exception.StepFailedException: Object Object Repository/Authentification/android.widget.EditText - N Immatriculation not found&#xa;	at com.kms.katalon.core.mobile.keyword.internal.MobileKeywordMain.stepFailed(MobileKeywordMain.groovy:38)&#xa;	at com.kms.katalon.core.mobile.keyword.builtin.TapKeyword$_tap_closure1.doCall(TapKeyword.groovy:46)&#xa;	at com.kms.katalon.core.mobile.keyword.builtin.TapKeyword$_tap_closure1.call(TapKeyword.groovy)&#xa;	at com.kms.katalon.core.mobile.keyword.internal.MobileKeywordMain.runKeyword(MobileKeywordMain.groovy:19)&#xa;	... 24 more&#xa;"/>
         <system-out><![CDATA[17-04-2024T16:48:57 - [TEST_CASE][FAILED] - Test Cases/Authentification/TC06_AuthentificationValide: Test Cases/Authentification/TC06_AuthentificationValide FAILED.
Reason:
com.kms.katalon.core.exception.StepFailedException: Failed to tap on element 'Object Repository/Authentification/android.widget.EditText - N Immatriculation'
	at com.kms.katalon.core.mobile.keyword.internal.MobileKeywordMain.stepFailed(MobileKeywordMain.groovy:38)
	at com.kms.katalon.core.mobile.keyword.internal.MobileKeywordMain.runKeyword(MobileKeywordMain.groovy:21)
	at com.kms.katalon.core.mobile.keyword.builtin.TapKeyword.tap(TapKeyword.groovy:51)
	at com.kms.katalon.core.mobile.keyword.builtin.TapKeyword.execute(TapKeyword.groovy:35)
	at com.kms.katalon.core.keyword.internal.KeywordExecutor.executeKeywordForPlatform(KeywordExecutor.groovy:74)
	at com.kms.katalon.core.mobile.keyword.MobileBuiltInKeywords.tap(MobileBuiltInKeywords.groovy:1490)
	at com.communKeywords.authentificationKeywords.resetLoginPage(authentificationKeywords.groovy:50)
	at TC06_AuthentificationValide.run(TC06_AuthentificationValide:26)
	at com.kms.katalon.core.main.ScriptEngine.run(ScriptEngine.java:194)
	at com.kms.katalon.core.main.ScriptEngine.runScriptAsRawText(ScriptEngine.java:119)
	at com.kms.katalon.core.main.TestCaseExecutor.runScript(TestCaseExecutor.java:448)
	at com.kms.katalon.core.main.TestCaseExecutor.doExecute(TestCaseExecutor.java:439)
	at com.kms.katalon.core.main.TestCaseExecutor.processExecutionPhase(TestCaseExecutor.java:418)
	at com.kms.katalon.core.main.TestCaseExecutor.accessMainPhase(TestCaseExecutor.java:410)
	at com.kms.katalon.core.main.TestCaseExecutor.execute(TestCaseExecutor.java:285)
	at com.kms.katalon.core.main.TestCaseExecutor.execute(TestCaseExecutor.java:369)
	at com.kms.katalon.core.main.TestCaseExecutor.execute(TestCaseExecutor.java:369)
	at com.kms.katalon.core.main.TestCaseExecutor.execute(TestCaseExecutor.java:369)
	at com.kms.katalon.core.common.CommonExecutor.accessTestCaseMainPhase(CommonExecutor.java:65)
	at com.kms.katalon.core.main.TestSuiteExecutor.accessTestSuiteMainPhase(TestSuiteExecutor.java:148)
	at com.kms.katalon.core.main.TestSuiteExecutor.execute(TestSuiteExecutor.java:106)
	at com.kms.katalon.core.main.TestCaseMain.startTestSuite(TestCaseMain.java:180)
	at TempTestSuite1713368430219.run(TempTestSuite1713368430219.groovy:35)
	at java.base/jdk.internal.reflect.NativeMethodAccessorImpl.invoke0(Native Method)
	at java.base/jdk.internal.reflect.NativeMethodAccessorImpl.invoke(NativeMethodAccessorImpl.java:77)
	at java.base/jdk.internal.reflect.DelegatingMethodAccessorImpl.invoke(DelegatingMethodAccessorImpl.java:43)
Caused by: com.kms.katalon.core.exception.StepFailedException: Object Object Repository/Authentification/android.widget.EditText - N Immatriculation not found
	at com.kms.katalon.core.mobile.keyword.internal.MobileKeywordMain.stepFailed(MobileKeywordMain.groovy:38)
	at com.kms.katalon.core.mobile.keyword.builtin.TapKeyword$_tap_closure1.doCall(TapKeyword.groovy:46)
	at com.kms.katalon.core.mobile.keyword.builtin.TapKeyword$_tap_closure1.call(TapKeyword.groovy)
	at com.kms.katalon.core.mobile.keyword.internal.MobileKeywordMain.runKeyword(MobileKeywordMain.groovy:19)
	... 24 more


17-04-2024T16:48:57 - [TEST_STEP][PASSED] - apkkeyword = new com.communKeywords.apkKeywords(): null

17-04-2024T16:48:57 - [TEST_STEP][PASSED] - authkeyword = new com.communKeywords.authentificationKeywords(): null

17-04-2024T16:48:57 - [TEST_STEP][FAILED] - authkeyword.resetLoginPage(): Failed to tap on element 'Object Repository/Authentification/android.widget.EditText - N Immatriculation' (Root cause: com.kms.katalon.core.exception.StepFailedException: Failed to tap on element 'Object Repository/Authentification/android.widget.EditText - N Immatriculation'
	at com.kms.katalon.core.mobile.keyword.internal.MobileKeywordMain.stepFailed(MobileKeywordMain.groovy:38)
	at com.kms.katalon.core.mobile.keyword.internal.MobileKeywordMain.runKeyword(MobileKeywordMain.groovy:21)
	at com.kms.katalon.core.mobile.keyword.builtin.TapKeyword.tap(TapKeyword.groovy:51)
	at com.kms.katalon.core.mobile.keyword.builtin.TapKeyword.execute(TapKeyword.groovy:35)
	at com.kms.katalon.core.keyword.internal.KeywordExecutor.executeKeywordForPlatform(KeywordExecutor.groovy:74)
	at com.kms.katalon.core.mobile.keyword.MobileBuiltInKeywords.tap(MobileBuiltInKeywords.groovy:1490)
	at com.communKeywords.authentificationKeywords.resetLoginPage(authentificationKeywords.groovy:50)
	at TC06_AuthentificationValide.run(TC06_AuthentificationValide:26)
	at com.kms.katalon.core.main.ScriptEngine.run(ScriptEngine.java:194)
	at com.kms.katalon.core.main.ScriptEngine.runScriptAsRawText(ScriptEngine.java:119)
	at com.kms.katalon.core.main.TestCaseExecutor.runScript(TestCaseExecutor.java:448)
	at com.kms.katalon.core.main.TestCaseExecutor.doExecute(TestCaseExecutor.java:439)
	at com.kms.katalon.core.main.TestCaseExecutor.processExecutionPhase(TestCaseExecutor.java:418)
	at com.kms.katalon.core.main.TestCaseExecutor.accessMainPhase(TestCaseExecutor.java:410)
	at com.kms.katalon.core.main.TestCaseExecutor.execute(TestCaseExecutor.java:285)
	at com.kms.katalon.core.main.TestCaseExecutor.execute(TestCaseExecutor.java:369)
	at com.kms.katalon.core.main.TestCaseExecutor.execute(TestCaseExecutor.java:369)
	at com.kms.katalon.core.main.TestCaseExecutor.execute(TestCaseExecutor.java:369)
	at com.kms.katalon.core.common.CommonExecutor.accessTestCaseMainPhase(CommonExecutor.java:65)
	at com.kms.katalon.core.main.TestSuiteExecutor.accessTestSuiteMainPhase(TestSuiteExecutor.java:148)
	at com.kms.katalon.core.main.TestSuiteExecutor.execute(TestSuiteExecutor.java:106)
	at com.kms.katalon.core.main.TestCaseMain.startTestSuite(TestCaseMain.java:180)
	at TempTestSuite1713368430219.run(TempTestSuite1713368430219.groovy:35)
	at java.base/jdk.internal.reflect.NativeMethodAccessorImpl.invoke0(Native Method)
	at java.base/jdk.internal.reflect.NativeMethodAccessorImpl.invoke(NativeMethodAccessorImpl.java:77)
	at java.base/jdk.internal.reflect.DelegatingMethodAccessorImpl.invoke(DelegatingMethodAccessorImpl.java:43)
Caused by: com.kms.katalon.core.exception.StepFailedException: Object Object Repository/Authentification/android.widget.EditText - N Immatriculation not found
	at com.kms.katalon.core.mobile.keyword.internal.MobileKeywordMain.stepFailed(MobileKeywordMain.groovy:38)
	at com.kms.katalon.core.mobile.keyword.builtin.TapKeyword$_tap_closure1.doCall(TapKeyword.groovy:46)
	at com.kms.katalon.core.mobile.keyword.builtin.TapKeyword$_tap_closure1.call(TapKeyword.groovy)
	at com.kms.katalon.core.mobile.keyword.internal.MobileKeywordMain.runKeyword(MobileKeywordMain.groovy:19)
	... 24 more
)

17-04-2024T16:48:57 - [MESSAGE][WARNING] - Timeout '0' is invalid. Using default page load timeout: '30'

17-04-2024T16:49:28 - [MESSAGE][FAILED] - Object Object Repository/Authentification/android.widget.EditText - N Immatriculation not found (Root cause: com.kms.katalon.core.exception.StepFailedException: Object Object Repository/Authentification/android.widget.EditText - N Immatriculation not found
	at com.kms.katalon.core.mobile.keyword.internal.MobileKeywordMain.stepFailed(MobileKeywordMain.groovy:38)
	at com.kms.katalon.core.mobile.keyword.builtin.TapKeyword$_tap_closure1.doCall(TapKeyword.groovy:46)
	at com.kms.katalon.core.mobile.keyword.builtin.TapKeyword$_tap_closure1.call(TapKeyword.groovy)
	at com.kms.katalon.core.mobile.keyword.internal.MobileKeywordMain.runKeyword(MobileKeywordMain.groovy:19)
	at com.kms.katalon.core.mobile.keyword.builtin.TapKeyword.tap(TapKeyword.groovy:51)
	at com.kms.katalon.core.mobile.keyword.builtin.TapKeyword.execute(TapKeyword.groovy:35)
	at com.kms.katalon.core.keyword.internal.KeywordExecutor.executeKeywordForPlatform(KeywordExecutor.groovy:74)
	at com.kms.katalon.core.mobile.keyword.MobileBuiltInKeywords.tap(MobileBuiltInKeywords.groovy:1490)
	at com.communKeywords.authentificationKeywords.resetLoginPage(authentificationKeywords.groovy:50)
	at TC06_AuthentificationValide.run(TC06_AuthentificationValide:26)
	at com.kms.katalon.core.main.ScriptEngine.run(ScriptEngine.java:194)
	at com.kms.katalon.core.main.ScriptEngine.runScriptAsRawText(ScriptEngine.java:119)
	at com.kms.katalon.core.main.TestCaseExecutor.runScript(TestCaseExecutor.java:448)
	at com.kms.katalon.core.main.TestCaseExecutor.doExecute(TestCaseExecutor.java:439)
	at com.kms.katalon.core.main.TestCaseExecutor.processExecutionPhase(TestCaseExecutor.java:418)
	at com.kms.katalon.core.main.TestCaseExecutor.accessMainPhase(TestCaseExecutor.java:410)
	at com.kms.katalon.core.main.TestCaseExecutor.execute(TestCaseExecutor.java:285)
	at com.kms.katalon.core.main.TestCaseExecutor.execute(TestCaseExecutor.java:369)
	at com.kms.katalon.core.main.TestCaseExecutor.execute(TestCaseExecutor.java:369)
	at com.kms.katalon.core.main.TestCaseExecutor.execute(TestCaseExecutor.java:369)
	at com.kms.katalon.core.common.CommonExecutor.accessTestCaseMainPhase(CommonExecutor.java:65)
	at com.kms.katalon.core.main.TestSuiteExecutor.accessTestSuiteMainPhase(TestSuiteExecutor.java:148)
	at com.kms.katalon.core.main.TestSuiteExecutor.execute(TestSuiteExecutor.java:106)
	at com.kms.katalon.core.main.TestCaseMain.startTestSuite(TestCaseMain.java:180)
	at TempTestSuite1713368430219.run(TempTestSuite1713368430219.groovy:35)
	at java.base/jdk.internal.reflect.NativeMethodAccessorImpl.invoke0(Native Method)
	at java.base/jdk.internal.reflect.NativeMethodAccessorImpl.invoke(NativeMethodAccessorImpl.java:77)
	at java.base/jdk.internal.reflect.DelegatingMethodAccessorImpl.invoke(DelegatingMethodAccessorImpl.java:43)
)
[[ATTACHMENT|C:\\Users\\DELL\\git\\MobileAutomationProject\\Reports\\20240417_164030\\Authentification\\20240417_164030\\1713368967343.png]]

17-04-2024T16:49:28 - [MESSAGE][FAILED] - Failed to tap on element 'Object Repository/Authentification/android.widget.EditText - N Immatriculation' (Root cause: com.kms.katalon.core.exception.StepFailedException: Failed to tap on element 'Object Repository/Authentification/android.widget.EditText - N Immatriculation'
	at com.kms.katalon.core.mobile.keyword.internal.MobileKeywordMain.stepFailed(MobileKeywordMain.groovy:38)
	at com.kms.katalon.core.mobile.keyword.internal.MobileKeywordMain.runKeyword(MobileKeywordMain.groovy:21)
	at com.kms.katalon.core.mobile.keyword.builtin.TapKeyword.tap(TapKeyword.groovy:51)
	at com.kms.katalon.core.mobile.keyword.builtin.TapKeyword.execute(TapKeyword.groovy:35)
	at com.kms.katalon.core.keyword.internal.KeywordExecutor.executeKeywordForPlatform(KeywordExecutor.groovy:74)
	at com.kms.katalon.core.mobile.keyword.MobileBuiltInKeywords.tap(MobileBuiltInKeywords.groovy:1490)
	at com.communKeywords.authentificationKeywords.resetLoginPage(authentificationKeywords.groovy:50)
	at TC06_AuthentificationValide.run(TC06_AuthentificationValide:26)
	at com.kms.katalon.core.main.ScriptEngine.run(ScriptEngine.java:194)
	at com.kms.katalon.core.main.ScriptEngine.runScriptAsRawText(ScriptEngine.java:119)
	at com.kms.katalon.core.main.TestCaseExecutor.runScript(TestCaseExecutor.java:448)
	at com.kms.katalon.core.main.TestCaseExecutor.doExecute(TestCaseExecutor.java:439)
	at com.kms.katalon.core.main.TestCaseExecutor.processExecutionPhase(TestCaseExecutor.java:418)
	at com.kms.katalon.core.main.TestCaseExecutor.accessMainPhase(TestCaseExecutor.java:410)
	at com.kms.katalon.core.main.TestCaseExecutor.execute(TestCaseExecutor.java:285)
	at com.kms.katalon.core.main.TestCaseExecutor.execute(TestCaseExecutor.java:369)
	at com.kms.katalon.core.main.TestCaseExecutor.execute(TestCaseExecutor.java:369)
	at com.kms.katalon.core.main.TestCaseExecutor.execute(TestCaseExecutor.java:369)
	at com.kms.katalon.core.common.CommonExecutor.accessTestCaseMainPhase(CommonExecutor.java:65)
	at com.kms.katalon.core.main.TestSuiteExecutor.accessTestSuiteMainPhase(TestSuiteExecutor.java:148)
	at com.kms.katalon.core.main.TestSuiteExecutor.execute(TestSuiteExecutor.java:106)
	at com.kms.katalon.core.main.TestCaseMain.startTestSuite(TestCaseMain.java:180)
	at TempTestSuite1713368430219.run(TempTestSuite1713368430219.groovy:35)
	at java.base/jdk.internal.reflect.NativeMethodAccessorImpl.invoke0(Native Method)
	at java.base/jdk.internal.reflect.NativeMethodAccessorImpl.invoke(NativeMethodAccessorImpl.java:77)
	at java.base/jdk.internal.reflect.DelegatingMethodAccessorImpl.invoke(DelegatingMethodAccessorImpl.java:43)
Caused by: com.kms.katalon.core.exception.StepFailedException: Object Object Repository/Authentification/android.widget.EditText - N Immatriculation not found
	at com.kms.katalon.core.mobile.keyword.internal.MobileKeywordMain.stepFailed(MobileKeywordMain.groovy:38)
	at com.kms.katalon.core.mobile.keyword.builtin.TapKeyword$_tap_closure1.doCall(TapKeyword.groovy:46)
	at com.kms.katalon.core.mobile.keyword.builtin.TapKeyword$_tap_closure1.call(TapKeyword.groovy)
	at com.kms.katalon.core.mobile.keyword.internal.MobileKeywordMain.runKeyword(MobileKeywordMain.groovy:19)
	... 24 more
)
[[ATTACHMENT|C:\\Users\\DELL\\git\\MobileAutomationProject\\Reports\\20240417_164030\\Authentification\\20240417_164030\\1713368968077.png]]]]></system-out>
         <system-err><![CDATA[17-04-2024T16:48:57 - [TEST_CASE][FAILED] - Test Cases/Authentification/TC06_AuthentificationValide: Test Cases/Authentification/TC06_AuthentificationValide FAILED.
Reason:
com.kms.katalon.core.exception.StepFailedException: Failed to tap on element 'Object Repository/Authentification/android.widget.EditText - N Immatriculation'
	at com.kms.katalon.core.mobile.keyword.internal.MobileKeywordMain.stepFailed(MobileKeywordMain.groovy:38)
	at com.kms.katalon.core.mobile.keyword.internal.MobileKeywordMain.runKeyword(MobileKeywordMain.groovy:21)
	at com.kms.katalon.core.mobile.keyword.builtin.TapKeyword.tap(TapKeyword.groovy:51)
	at com.kms.katalon.core.mobile.keyword.builtin.TapKeyword.execute(TapKeyword.groovy:35)
	at com.kms.katalon.core.keyword.internal.KeywordExecutor.executeKeywordForPlatform(KeywordExecutor.groovy:74)
	at com.kms.katalon.core.mobile.keyword.MobileBuiltInKeywords.tap(MobileBuiltInKeywords.groovy:1490)
	at com.communKeywords.authentificationKeywords.resetLoginPage(authentificationKeywords.groovy:50)
	at TC06_AuthentificationValide.run(TC06_AuthentificationValide:26)
	at com.kms.katalon.core.main.ScriptEngine.run(ScriptEngine.java:194)
	at com.kms.katalon.core.main.ScriptEngine.runScriptAsRawText(ScriptEngine.java:119)
	at com.kms.katalon.core.main.TestCaseExecutor.runScript(TestCaseExecutor.java:448)
	at com.kms.katalon.core.main.TestCaseExecutor.doExecute(TestCaseExecutor.java:439)
	at com.kms.katalon.core.main.TestCaseExecutor.processExecutionPhase(TestCaseExecutor.java:418)
	at com.kms.katalon.core.main.TestCaseExecutor.accessMainPhase(TestCaseExecutor.java:410)
	at com.kms.katalon.core.main.TestCaseExecutor.execute(TestCaseExecutor.java:285)
	at com.kms.katalon.core.main.TestCaseExecutor.execute(TestCaseExecutor.java:369)
	at com.kms.katalon.core.main.TestCaseExecutor.execute(TestCaseExecutor.java:369)
	at com.kms.katalon.core.main.TestCaseExecutor.execute(TestCaseExecutor.java:369)
	at com.kms.katalon.core.common.CommonExecutor.accessTestCaseMainPhase(CommonExecutor.java:65)
	at com.kms.katalon.core.main.TestSuiteExecutor.accessTestSuiteMainPhase(TestSuiteExecutor.java:148)
	at com.kms.katalon.core.main.TestSuiteExecutor.execute(TestSuiteExecutor.java:106)
	at com.kms.katalon.core.main.TestCaseMain.startTestSuite(TestCaseMain.java:180)
	at TempTestSuite1713368430219.run(TempTestSuite1713368430219.groovy:35)
	at java.base/jdk.internal.reflect.NativeMethodAccessorImpl.invoke0(Native Method)
	at java.base/jdk.internal.reflect.NativeMethodAccessorImpl.invoke(NativeMethodAccessorImpl.java:77)
	at java.base/jdk.internal.reflect.DelegatingMethodAccessorImpl.invoke(DelegatingMethodAccessorImpl.java:43)
Caused by: com.kms.katalon.core.exception.StepFailedException: Object Object Repository/Authentification/android.widget.EditText - N Immatriculation not found
	at com.kms.katalon.core.mobile.keyword.internal.MobileKeywordMain.stepFailed(MobileKeywordMain.groovy:38)
	at com.kms.katalon.core.mobile.keyword.builtin.TapKeyword$_tap_closure1.doCall(TapKeyword.groovy:46)
	at com.kms.katalon.core.mobile.keyword.builtin.TapKeyword$_tap_closure1.call(TapKeyword.groovy)
	at com.kms.katalon.core.mobile.keyword.internal.MobileKeywordMain.runKeyword(MobileKeywordMain.groovy:19)
	... 24 more]]></system-err>
      </testcase>
      <testcase name="Test Cases/Authentification/TC07_SeDeconnecter" time="7.989" classname="Test Cases/Authentification/TC07_SeDeconnecter" status="PASSED">
         <system-out><![CDATA[17-04-2024T16:49:28 - [TEST_CASE][PASSED] - Test Cases/Authentification/TC07_SeDeconnecter: Test Cases/Authentification/TC07_SeDeconnecter

17-04-2024T16:49:28 - [TEST_STEP][PASSED] - authkeyword = new com.communKeywords.authentificationKeywords(): null

17-04-2024T16:49:28 - [TEST_STEP][PASSED] - authkeyword.SeDeconnecter(): Tapped on element 'Object Repository/Authentification/android.widget.Button - OUI'

17-04-2024T16:49:28 - [MESSAGE][WARNING] - Timeout '0' is invalid. Using default page load timeout: '30'

17-04-2024T16:49:29 - [MESSAGE][PASSED] - Tapped on element 'Object Repository/Authentification/android.widget.ImageView (1)'

17-04-2024T16:49:29 - [MESSAGE][WARNING] - Timeout '0' is invalid. Using default page load timeout: '30'

17-04-2024T16:49:31 - [MESSAGE][PASSED] - Tapped on element 'Object Repository/Authentification/android.widget.TextView - Se dconnecter'

17-04-2024T16:49:31 - [MESSAGE][WARNING] - Timeout '0' is invalid. Using default page load timeout: '30'

17-04-2024T16:49:31 - [MESSAGE][PASSED] - Tapped on element 'Object Repository/Authentification/android.widget.Button - OUI'

17-04-2024T16:49:31 - [TEST_STEP][PASSED] - alertPath = authPage: null

17-04-2024T16:49:31 - [TEST_STEP][PASSED] - authkeyword.verifyalertPresent(alertPath, "Me connecter"): Actual text and expected text of test object 'Object Repository/Authentification/android.widget.TextView - Me connecter' are matched.

17-04-2024T16:49:33 - [MESSAGE][PASSED] - Actual text and expected text of test object 'Object Repository/Authentification/android.widget.TextView - Me connecter' are matched.

17-04-2024T16:49:33 - [TEST_STEP][PASSED] - closeApplication(): Close app successfully

17-04-2024T16:49:36 - [MESSAGE][PASSED] - Close app successfully]]></system-out>
         <system-err><![CDATA[]]></system-err>
      </testcase>
      <system-out><![CDATA[17-04-2024T16:40:36 - [TEST_SUITE][FAILED] - Authentification: Test Cases/Authentification/TC00_AuthentificationAvecPwdVide FAILED.
Reason:
com.kms.katalon.core.exception.StepFailedException: Failed to tap on element 'Object Repository/Authentification/android.view.View-Ressayer'
	at com.kms.katalon.core.mobile.keyword.internal.MobileKeywordMain.stepFailed(MobileKeywordMain.groovy:38)
	at com.kms.katalon.core.mobile.keyword.internal.MobileKeywordMain.runKeyword(MobileKeywordMain.groovy:21)
	at com.kms.katalon.core.mobile.keyword.builtin.TapKeyword.tap(TapKeyword.groovy:51)
	at com.kms.katalon.core.mobile.keyword.builtin.TapKeyword.execute(TapKeyword.groovy:35)
	at com.kms.katalon.core.keyword.internal.KeywordExecutor.executeKeywordForPlatform(KeywordExecutor.groovy:74)
	at com.kms.katalon.core.mobile.keyword.MobileBuiltInKeywords.tap(MobileBuiltInKeywords.groovy:1490)
	at com.communKeywords.apkKeywords.setLanguage(apkKeywords.groovy:35)
	at TC00_AuthentificationAvecPwdVide.run(TC00_AuthentificationAvecPwdVide:30)
	at com.kms.katalon.core.main.ScriptEngine.run(ScriptEngine.java:194)
	at com.kms.katalon.core.main.ScriptEngine.runScriptAsRawText(ScriptEngine.java:119)
	at com.kms.katalon.core.main.TestCaseExecutor.runScript(TestCaseExecutor.java:448)
	at com.kms.katalon.core.main.TestCaseExecutor.doExecute(TestCaseExecutor.java:439)
	at com.kms.katalon.core.main.TestCaseExecutor.processExecutionPhase(TestCaseExecutor.java:418)
	at com.kms.katalon.core.main.TestCaseExecutor.accessMainPhase(TestCaseExecutor.java:410)
	at com.kms.katalon.core.main.TestCaseExecutor.execute(TestCaseExecutor.java:285)
	at com.kms.katalon.core.common.CommonExecutor.accessTestCaseMainPhase(CommonExecutor.java:65)
	at com.kms.katalon.core.main.TestSuiteExecutor.accessTestSuiteMainPhase(TestSuiteExecutor.java:148)
	at com.kms.katalon.core.main.TestSuiteExecutor.execute(TestSuiteExecutor.java:106)
	at com.kms.katalon.core.main.TestCaseMain.startTestSuite(TestCaseMain.java:180)
	at TempTestSuite1713368430219.run(TempTestSuite1713368430219.groovy:35)
	at java.base/jdk.internal.reflect.NativeMethodAccessorImpl.invoke0(Native Method)
	at java.base/jdk.internal.reflect.NativeMethodAccessorImpl.invoke(NativeMethodAccessorImpl.java:77)
	at java.base/jdk.internal.reflect.DelegatingMethodAccessorImpl.invoke(DelegatingMethodAccessorImpl.java:43)
Caused by: com.kms.katalon.core.exception.StepFailedException: Object Object Repository/Authentification/android.view.View-Ressayer not found
	at com.kms.katalon.core.mobile.keyword.internal.MobileKeywordMain.stepFailed(MobileKeywordMain.groovy:38)
	at com.kms.katalon.core.mobile.keyword.builtin.TapKeyword$_tap_closure1.doCall(TapKeyword.groovy:46)
	at com.kms.katalon.core.mobile.keyword.builtin.TapKeyword$_tap_closure1.call(TapKeyword.groovy)
	at com.kms.katalon.core.mobile.keyword.internal.MobileKeywordMain.runKeyword(MobileKeywordMain.groovy:19)
	... 21 more]]></system-out>
      <system-err><![CDATA[17-04-2024T16:40:36 - [TEST_SUITE][FAILED] - Authentification: Test Cases/Authentification/TC00_AuthentificationAvecPwdVide FAILED.
Reason:
com.kms.katalon.core.exception.StepFailedException: Failed to tap on element 'Object Repository/Authentification/android.view.View-Ressayer'
	at com.kms.katalon.core.mobile.keyword.internal.MobileKeywordMain.stepFailed(MobileKeywordMain.groovy:38)
	at com.kms.katalon.core.mobile.keyword.internal.MobileKeywordMain.runKeyword(MobileKeywordMain.groovy:21)
	at com.kms.katalon.core.mobile.keyword.builtin.TapKeyword.tap(TapKeyword.groovy:51)
	at com.kms.katalon.core.mobile.keyword.builtin.TapKeyword.execute(TapKeyword.groovy:35)
	at com.kms.katalon.core.keyword.internal.KeywordExecutor.executeKeywordForPlatform(KeywordExecutor.groovy:74)
	at com.kms.katalon.core.mobile.keyword.MobileBuiltInKeywords.tap(MobileBuiltInKeywords.groovy:1490)
	at com.communKeywords.apkKeywords.setLanguage(apkKeywords.groovy:35)
	at TC00_AuthentificationAvecPwdVide.run(TC00_AuthentificationAvecPwdVide:30)
	at com.kms.katalon.core.main.ScriptEngine.run(ScriptEngine.java:194)
	at com.kms.katalon.core.main.ScriptEngine.runScriptAsRawText(ScriptEngine.java:119)
	at com.kms.katalon.core.main.TestCaseExecutor.runScript(TestCaseExecutor.java:448)
	at com.kms.katalon.core.main.TestCaseExecutor.doExecute(TestCaseExecutor.java:439)
	at com.kms.katalon.core.main.TestCaseExecutor.processExecutionPhase(TestCaseExecutor.java:418)
	at com.kms.katalon.core.main.TestCaseExecutor.accessMainPhase(TestCaseExecutor.java:410)
	at com.kms.katalon.core.main.TestCaseExecutor.execute(TestCaseExecutor.java:285)
	at com.kms.katalon.core.common.CommonExecutor.accessTestCaseMainPhase(CommonExecutor.java:65)
	at com.kms.katalon.core.main.TestSuiteExecutor.accessTestSuiteMainPhase(TestSuiteExecutor.java:148)
	at com.kms.katalon.core.main.TestSuiteExecutor.execute(TestSuiteExecutor.java:106)
	at com.kms.katalon.core.main.TestCaseMain.startTestSuite(TestCaseMain.java:180)
	at TempTestSuite1713368430219.run(TempTestSuite1713368430219.groovy:35)
	at java.base/jdk.internal.reflect.NativeMethodAccessorImpl.invoke0(Native Method)
	at java.base/jdk.internal.reflect.NativeMethodAccessorImpl.invoke(NativeMethodAccessorImpl.java:77)
	at java.base/jdk.internal.reflect.DelegatingMethodAccessorImpl.invoke(DelegatingMethodAccessorImpl.java:43)
Caused by: com.kms.katalon.core.exception.StepFailedException: Object Object Repository/Authentification/android.view.View-Ressayer not found
	at com.kms.katalon.core.mobile.keyword.internal.MobileKeywordMain.stepFailed(MobileKeywordMain.groovy:38)
	at com.kms.katalon.core.mobile.keyword.builtin.TapKeyword$_tap_closure1.doCall(TapKeyword.groovy:46)
	at com.kms.katalon.core.mobile.keyword.builtin.TapKeyword$_tap_closure1.call(TapKeyword.groovy)
	at com.kms.katalon.core.mobile.keyword.internal.MobileKeywordMain.runKeyword(MobileKeywordMain.groovy:19)
	... 21 more]]></system-err>
   </testsuite>
</testsuites>
